Building DAG of jobs...
Using shell: /usr/bin/bash
Provided cluster nodes: 50
Job stats:
job                count    min threads    max threads
---------------  -------  -------------  -------------
BQSR                  11              1              1
Bgzip               2134              1              1
HaplotypeCaller       11              1              1
JointGenotyping        1              1              1
Lofreq                11              8              8
MergeVcfs             11              1              1
Mutect2                3              1              1
Scalpel             2134              8              8
VQSR                   1              1              1
all                    1              1              1
bwamem                19              8              8
cutadapt              19              8              8
indexbam              22              1              1
markduplicate         11              1              1
sortbam               19              1              1
total               4408              1              8

mkdir -p jobs/all
mkdir -p jobs/cutadapt
mkdir -p jobs/bwamem
mkdir -p jobs/sortbam
mkdir -p jobs/markduplicate
mkdir -p jobs/indexbam
mkdir -p jobs/BQSR
mkdir -p jobs/HaplotypeCaller
mkdir -p jobs/JointGenotyping
mkdir -p jobs/VQSR
mkdir -p jobs/Mutect2
mkdir -p jobs/Lofreq
mkdir -p jobs/Scalpel
mkdir -p jobs/Bgzip
mkdir -p jobs/MergeVcfs
Select jobs to execute...

[Sat Apr 15 17:45:25 2023]
rule cutadapt:
    input: /g/steinmetz/shli/data/human_WGS/batch2/GN_11/GN_11_CKDL200169934-1a_HNN3NDSXY_L1_1.fq.gz, /g/steinmetz/shli/data/human_WGS/batch2/GN_11/GN_11_CKDL200169934-1a_HNN3NDSXY_L1_2.fq.gz
    output: /scratch/shli/wgs_pipeline2/p3p2.part0.r1.fastq, /scratch/shli/wgs_pipeline2/p3p2.part0.r2.fastq
    jobid: 104
    reason: Missing output files: /scratch/shli/wgs_pipeline2/p3p2.part0.r1.fastq, /scratch/shli/wgs_pipeline2/p3p2.part0.r2.fastq
    wildcards: sample=p3p2, subfile=0
    threads: 8
    resources: mem_mb=20000, disk_mb=180726, tmpdir=<TBD>, runtime=24:00:00

cutadapt -g AGATGTGTATAAGAGACAG -G AGATGTGTATAAGAGACAG -a CTGTCTCTTATACACATCT -A CTGTCTCTTATACACATCT -g TCGTCGGCAGCGTCAGATGTGTATAAGAGACAG -G TCGTCGGCAGCGTCAGATGTGTATAAGAGACAG -a CTGTCTCTTATACACATCTGACGCTGCCGACGA -A CTGTCTCTTATACACATCTGACGCTGCCGACGA -g GTCTCGTGGGCTCGGAGATGTGTATAAGAGACAG -G GTCTCGTGGGCTCGGAGATGTGTATAAGAGACAG -a CTGTCTCTTATACACATCTCCGAGCCCACGAGAC -A CTGTCTCTTATACACATCTCCGAGCCCACGAGAC -j 8 -o /scratch/shli/wgs_pipeline2/p3p2.part0.r1.fastq -p /scratch/shli/wgs_pipeline2/p3p2.part0.r2.fastq -q 20 --trim-n -m 20 --max-n=0 /g/steinmetz/shli/data/human_WGS/batch2/GN_11/GN_11_CKDL200169934-1a_HNN3NDSXY_L1_1.fq.gz /g/steinmetz/shli/data/human_WGS/batch2/GN_11/GN_11_CKDL200169934-1a_HNN3NDSXY_L1_2.fq.gz
Submitted job 104 with external jobid 'Submitted batch job 21967520'.

[Sat Apr 15 17:45:27 2023]
rule cutadapt:
    input: /g/steinmetz/shli/data/human_WGS/batch2/GN_12/GN_12_CKDL200169935-1a_HNN3NDSXY_L1_1.fq.gz, /g/steinmetz/shli/data/human_WGS/batch2/GN_12/GN_12_CKDL200169935-1a_HNN3NDSXY_L1_2.fq.gz
    output: /scratch/shli/wgs_pipeline2/p3s2.part0.r1.fastq, /scratch/shli/wgs_pipeline2/p3s2.part0.r2.fastq
    jobid: 112
    reason: Missing output files: /scratch/shli/wgs_pipeline2/p3s2.part0.r2.fastq, /scratch/shli/wgs_pipeline2/p3s2.part0.r1.fastq
    wildcards: sample=p3s2, subfile=0
    threads: 8
    resources: mem_mb=20000, disk_mb=211424, tmpdir=<TBD>, runtime=24:00:00

cutadapt -g AGATGTGTATAAGAGACAG -G AGATGTGTATAAGAGACAG -a CTGTCTCTTATACACATCT -A CTGTCTCTTATACACATCT -g TCGTCGGCAGCGTCAGATGTGTATAAGAGACAG -G TCGTCGGCAGCGTCAGATGTGTATAAGAGACAG -a CTGTCTCTTATACACATCTGACGCTGCCGACGA -A CTGTCTCTTATACACATCTGACGCTGCCGACGA -g GTCTCGTGGGCTCGGAGATGTGTATAAGAGACAG -G GTCTCGTGGGCTCGGAGATGTGTATAAGAGACAG -a CTGTCTCTTATACACATCTCCGAGCCCACGAGAC -A CTGTCTCTTATACACATCTCCGAGCCCACGAGAC -j 8 -o /scratch/shli/wgs_pipeline2/p3s2.part0.r1.fastq -p /scratch/shli/wgs_pipeline2/p3s2.part0.r2.fastq -q 20 --trim-n -m 20 --max-n=0 /g/steinmetz/shli/data/human_WGS/batch2/GN_12/GN_12_CKDL200169935-1a_HNN3NDSXY_L1_1.fq.gz /g/steinmetz/shli/data/human_WGS/batch2/GN_12/GN_12_CKDL200169935-1a_HNN3NDSXY_L1_2.fq.gz
Submitted job 112 with external jobid 'Submitted batch job 21967524'.

[Sat Apr 15 17:45:27 2023]
rule cutadapt:
    input: /g/steinmetz/shli/data/human_WGS/batch1/sample_11/sample_11_CKDL200164768-1a-AK11252-AK23794_HMHLTDSXY_L4_1.fq.gz, /g/steinmetz/shli/data/human_WGS/batch1/sample_11/sample_11_CKDL200164768-1a-AK11252-AK23794_HMHLTDSXY_L4_2.fq.gz
    output: /scratch/shli/wgs_pipeline2/p2s.part1.r1.fastq, /scratch/shli/wgs_pipeline2/p2s.part1.r2.fastq
    jobid: 63
    reason: Missing output files: /scratch/shli/wgs_pipeline2/p2s.part1.r1.fastq, /scratch/shli/wgs_pipeline2/p2s.part1.r2.fastq
    wildcards: sample=p2s, subfile=1
    threads: 8
    resources: mem_mb=20000, disk_mb=49178, tmpdir=<TBD>, runtime=24:00:00

cutadapt -g AGATGTGTATAAGAGACAG -G AGATGTGTATAAGAGACAG -a CTGTCTCTTATACACATCT -A CTGTCTCTTATACACATCT -g TCGTCGGCAGCGTCAGATGTGTATAAGAGACAG -G TCGTCGGCAGCGTCAGATGTGTATAAGAGACAG -a CTGTCTCTTATACACATCTGACGCTGCCGACGA -A CTGTCTCTTATACACATCTGACGCTGCCGACGA -g GTCTCGTGGGCTCGGAGATGTGTATAAGAGACAG -G GTCTCGTGGGCTCGGAGATGTGTATAAGAGACAG -a CTGTCTCTTATACACATCTCCGAGCCCACGAGAC -A CTGTCTCTTATACACATCTCCGAGCCCACGAGAC -j 8 -o /scratch/shli/wgs_pipeline2/p2s.part1.r1.fastq -p /scratch/shli/wgs_pipeline2/p2s.part1.r2.fastq -q 20 --trim-n -m 20 --max-n=0 /g/steinmetz/shli/data/human_WGS/batch1/sample_11/sample_11_CKDL200164768-1a-AK11252-AK23794_HMHLTDSXY_L4_1.fq.gz /g/steinmetz/shli/data/human_WGS/batch1/sample_11/sample_11_CKDL200164768-1a-AK11252-AK23794_HMHLTDSXY_L4_2.fq.gz
Submitted job 63 with external jobid 'Submitted batch job 21967530'.

[Sat Apr 15 17:45:27 2023]
rule cutadapt:
    input: /g/steinmetz/shli/data/human_WGS/batch1/sample_5/sample_5_CKDL200164768-1a-AK12658-AK23806_HMHLTDSXY_L4_1.fq.gz, /g/steinmetz/shli/data/human_WGS/batch1/sample_5/sample_5_CKDL200164768-1a-AK12658-AK23806_HMHLTDSXY_L4_2.fq.gz
    output: /scratch/shli/wgs_pipeline2/p2p.part0.r1.fastq, /scratch/shli/wgs_pipeline2/p2p.part0.r2.fastq
    jobid: 49
    reason: Missing output files: /scratch/shli/wgs_pipeline2/p2p.part0.r1.fastq, /scratch/shli/wgs_pipeline2/p2p.part0.r2.fastq
    wildcards: sample=p2p, subfile=0
    threads: 8
    resources: mem_mb=20000, disk_mb=84208, tmpdir=<TBD>, runtime=24:00:00

cutadapt -g AGATGTGTATAAGAGACAG -G AGATGTGTATAAGAGACAG -a CTGTCTCTTATACACATCT -A CTGTCTCTTATACACATCT -g TCGTCGGCAGCGTCAGATGTGTATAAGAGACAG -G TCGTCGGCAGCGTCAGATGTGTATAAGAGACAG -a CTGTCTCTTATACACATCTGACGCTGCCGACGA -A CTGTCTCTTATACACATCTGACGCTGCCGACGA -g GTCTCGTGGGCTCGGAGATGTGTATAAGAGACAG -G GTCTCGTGGGCTCGGAGATGTGTATAAGAGACAG -a CTGTCTCTTATACACATCTCCGAGCCCACGAGAC -A CTGTCTCTTATACACATCTCCGAGCCCACGAGAC -j 8 -o /scratch/shli/wgs_pipeline2/p2p.part0.r1.fastq -p /scratch/shli/wgs_pipeline2/p2p.part0.r2.fastq -q 20 --trim-n -m 20 --max-n=0 /g/steinmetz/shli/data/human_WGS/batch1/sample_5/sample_5_CKDL200164768-1a-AK12658-AK23806_HMHLTDSXY_L4_1.fq.gz /g/steinmetz/shli/data/human_WGS/batch1/sample_5/sample_5_CKDL200164768-1a-AK12658-AK23806_HMHLTDSXY_L4_2.fq.gz
Submitted job 49 with external jobid 'Submitted batch job 21967533'.

[Sat Apr 15 17:45:27 2023]
rule cutadapt:
    input: /g/steinmetz/shli/data/human_WGS/batch2/GN_7/GN_7_CKDL200169932-1a_HNN3NDSXY_L1_1.fq.gz, /g/steinmetz/shli/data/human_WGS/batch2/GN_7/GN_7_CKDL200169932-1a_HNN3NDSXY_L1_2.fq.gz
    output: /scratch/shli/wgs_pipeline2/p3f.part1.r1.fastq, /scratch/shli/wgs_pipeline2/p3f.part1.r2.fastq
    jobid: 77
    reason: Missing output files: /scratch/shli/wgs_pipeline2/p3f.part1.r2.fastq, /scratch/shli/wgs_pipeline2/p3f.part1.r1.fastq
    wildcards: sample=p3f, subfile=1
    threads: 8
    resources: mem_mb=20000, disk_mb=73575, tmpdir=<TBD>, runtime=24:00:00

cutadapt -g AGATGTGTATAAGAGACAG -G AGATGTGTATAAGAGACAG -a CTGTCTCTTATACACATCT -A CTGTCTCTTATACACATCT -g TCGTCGGCAGCGTCAGATGTGTATAAGAGACAG -G TCGTCGGCAGCGTCAGATGTGTATAAGAGACAG -a CTGTCTCTTATACACATCTGACGCTGCCGACGA -A CTGTCTCTTATACACATCTGACGCTGCCGACGA -g GTCTCGTGGGCTCGGAGATGTGTATAAGAGACAG -G GTCTCGTGGGCTCGGAGATGTGTATAAGAGACAG -a CTGTCTCTTATACACATCTCCGAGCCCACGAGAC -A CTGTCTCTTATACACATCTCCGAGCCCACGAGAC -j 8 -o /scratch/shli/wgs_pipeline2/p3f.part1.r1.fastq -p /scratch/shli/wgs_pipeline2/p3f.part1.r2.fastq -q 20 --trim-n -m 20 --max-n=0 /g/steinmetz/shli/data/human_WGS/batch2/GN_7/GN_7_CKDL200169932-1a_HNN3NDSXY_L1_1.fq.gz /g/steinmetz/shli/data/human_WGS/batch2/GN_7/GN_7_CKDL200169932-1a_HNN3NDSXY_L1_2.fq.gz
Submitted job 77 with external jobid 'Submitted batch job 21967538'.

[Sat Apr 15 17:45:28 2023]
rule cutadapt:
    input: /g/steinmetz/shli/data/human_WGS/batch1/sample_8/sample_8_CKDL200164768-1a-AK12643-AK10204_HMHLTDSXY_L4_1.fq.gz, /g/steinmetz/shli/data/human_WGS/batch1/sample_8/sample_8_CKDL200164768-1a-AK12643-AK10204_HMHLTDSXY_L4_2.fq.gz
    output: /scratch/shli/wgs_pipeline2/p3p1.part0.r1.fastq, /scratch/shli/wgs_pipeline2/p3p1.part0.r2.fastq
    jobid: 85
    reason: Missing output files: /scratch/shli/wgs_pipeline2/p3p1.part0.r1.fastq, /scratch/shli/wgs_pipeline2/p3p1.part0.r2.fastq
    wildcards: sample=p3p1, subfile=0
    threads: 8
    resources: mem_mb=20000, disk_mb=162604, tmpdir=<TBD>, runtime=24:00:00

cutadapt -g AGATGTGTATAAGAGACAG -G AGATGTGTATAAGAGACAG -a CTGTCTCTTATACACATCT -A CTGTCTCTTATACACATCT -g TCGTCGGCAGCGTCAGATGTGTATAAGAGACAG -G TCGTCGGCAGCGTCAGATGTGTATAAGAGACAG -a CTGTCTCTTATACACATCTGACGCTGCCGACGA -A CTGTCTCTTATACACATCTGACGCTGCCGACGA -g GTCTCGTGGGCTCGGAGATGTGTATAAGAGACAG -G GTCTCGTGGGCTCGGAGATGTGTATAAGAGACAG -a CTGTCTCTTATACACATCTCCGAGCCCACGAGAC -A CTGTCTCTTATACACATCTCCGAGCCCACGAGAC -j 8 -o /scratch/shli/wgs_pipeline2/p3p1.part0.r1.fastq -p /scratch/shli/wgs_pipeline2/p3p1.part0.r2.fastq -q 20 --trim-n -m 20 --max-n=0 /g/steinmetz/shli/data/human_WGS/batch1/sample_8/sample_8_CKDL200164768-1a-AK12643-AK10204_HMHLTDSXY_L4_1.fq.gz /g/steinmetz/shli/data/human_WGS/batch1/sample_8/sample_8_CKDL200164768-1a-AK12643-AK10204_HMHLTDSXY_L4_2.fq.gz
Submitted job 85 with external jobid 'Submitted batch job 21967541'.

[Sat Apr 15 17:45:28 2023]
rule cutadapt:
    input: /g/steinmetz/shli/data/human_WGS/batch1/sample_2/sample_2_CKDL200164768-1a-AK1662-AK23787_HMHLTDSXY_L4_1.fq.gz, /g/steinmetz/shli/data/human_WGS/batch1/sample_2/sample_2_CKDL200164768-1a-AK1662-AK23787_HMHLTDSXY_L4_2.fq.gz
    output: /scratch/shli/wgs_pipeline2/p1p.part0.r1.fastq, /scratch/shli/wgs_pipeline2/p1p.part0.r2.fastq
    jobid: 16
    reason: Missing output files: /scratch/shli/wgs_pipeline2/p1p.part0.r1.fastq, /scratch/shli/wgs_pipeline2/p1p.part0.r2.fastq
    wildcards: sample=p1p, subfile=0
    threads: 8
    resources: mem_mb=20000, disk_mb=56019, tmpdir=<TBD>, runtime=24:00:00

cutadapt -g AGATGTGTATAAGAGACAG -G AGATGTGTATAAGAGACAG -a CTGTCTCTTATACACATCT -A CTGTCTCTTATACACATCT -g TCGTCGGCAGCGTCAGATGTGTATAAGAGACAG -G TCGTCGGCAGCGTCAGATGTGTATAAGAGACAG -a CTGTCTCTTATACACATCTGACGCTGCCGACGA -A CTGTCTCTTATACACATCTGACGCTGCCGACGA -g GTCTCGTGGGCTCGGAGATGTGTATAAGAGACAG -G GTCTCGTGGGCTCGGAGATGTGTATAAGAGACAG -a CTGTCTCTTATACACATCTCCGAGCCCACGAGAC -A CTGTCTCTTATACACATCTCCGAGCCCACGAGAC -j 8 -o /scratch/shli/wgs_pipeline2/p1p.part0.r1.fastq -p /scratch/shli/wgs_pipeline2/p1p.part0.r2.fastq -q 20 --trim-n -m 20 --max-n=0 /g/steinmetz/shli/data/human_WGS/batch1/sample_2/sample_2_CKDL200164768-1a-AK1662-AK23787_HMHLTDSXY_L4_1.fq.gz /g/steinmetz/shli/data/human_WGS/batch1/sample_2/sample_2_CKDL200164768-1a-AK1662-AK23787_HMHLTDSXY_L4_2.fq.gz
Submitted job 16 with external jobid 'Submitted batch job 21967543'.

[Sat Apr 15 17:45:28 2023]
rule cutadapt:
    input: /g/steinmetz/shli/data/human_WGS/batch2/GN_3/GN_3_CKDL200169928-1a_HNN3NDSXY_L1_1.fq.gz, /g/steinmetz/shli/data/human_WGS/batch2/GN_3/GN_3_CKDL200169928-1a_HNN3NDSXY_L1_2.fq.gz
    output: /scratch/shli/wgs_pipeline2/p1s.part1.r1.fastq, /scratch/shli/wgs_pipeline2/p1s.part1.r2.fastq
    jobid: 30
    reason: Missing output files: /scratch/shli/wgs_pipeline2/p1s.part1.r1.fastq, /scratch/shli/wgs_pipeline2/p1s.part1.r2.fastq
    wildcards: sample=p1s, subfile=1
    threads: 8
    resources: mem_mb=20000, disk_mb=58891, tmpdir=<TBD>, runtime=24:00:00

cutadapt -g AGATGTGTATAAGAGACAG -G AGATGTGTATAAGAGACAG -a CTGTCTCTTATACACATCT -A CTGTCTCTTATACACATCT -g TCGTCGGCAGCGTCAGATGTGTATAAGAGACAG -G TCGTCGGCAGCGTCAGATGTGTATAAGAGACAG -a CTGTCTCTTATACACATCTGACGCTGCCGACGA -A CTGTCTCTTATACACATCTGACGCTGCCGACGA -g GTCTCGTGGGCTCGGAGATGTGTATAAGAGACAG -G GTCTCGTGGGCTCGGAGATGTGTATAAGAGACAG -a CTGTCTCTTATACACATCTCCGAGCCCACGAGAC -A CTGTCTCTTATACACATCTCCGAGCCCACGAGAC -j 8 -o /scratch/shli/wgs_pipeline2/p1s.part1.r1.fastq -p /scratch/shli/wgs_pipeline2/p1s.part1.r2.fastq -q 20 --trim-n -m 20 --max-n=0 /g/steinmetz/shli/data/human_WGS/batch2/GN_3/GN_3_CKDL200169928-1a_HNN3NDSXY_L1_1.fq.gz /g/steinmetz/shli/data/human_WGS/batch2/GN_3/GN_3_CKDL200169928-1a_HNN3NDSXY_L1_2.fq.gz
Submitted job 30 with external jobid 'Submitted batch job 21967545'.

[Sat Apr 15 17:45:28 2023]
rule cutadapt:
    input: /g/steinmetz/shli/data/human_WGS/batch1/sample_9/sample_9_CKDL200164768-1a-AK11274-AK1351_HMHLTDSXY_L4_1.fq.gz, /g/steinmetz/shli/data/human_WGS/batch1/sample_9/sample_9_CKDL200164768-1a-AK11274-AK1351_HMHLTDSXY_L4_2.fq.gz
    output: /scratch/shli/wgs_pipeline2/p3s1.part0.r1.fastq, /scratch/shli/wgs_pipeline2/p3s1.part0.r2.fastq
    jobid: 93
    reason: Missing output files: /scratch/shli/wgs_pipeline2/p3s1.part0.r2.fastq, /scratch/shli/wgs_pipeline2/p3s1.part0.r1.fastq
    wildcards: sample=p3s1, subfile=0
    threads: 8
    resources: mem_mb=20000, disk_mb=79755, tmpdir=<TBD>, runtime=24:00:00

cutadapt -g AGATGTGTATAAGAGACAG -G AGATGTGTATAAGAGACAG -a CTGTCTCTTATACACATCT -A CTGTCTCTTATACACATCT -g TCGTCGGCAGCGTCAGATGTGTATAAGAGACAG -G TCGTCGGCAGCGTCAGATGTGTATAAGAGACAG -a CTGTCTCTTATACACATCTGACGCTGCCGACGA -A CTGTCTCTTATACACATCTGACGCTGCCGACGA -g GTCTCGTGGGCTCGGAGATGTGTATAAGAGACAG -G GTCTCGTGGGCTCGGAGATGTGTATAAGAGACAG -a CTGTCTCTTATACACATCTCCGAGCCCACGAGAC -A CTGTCTCTTATACACATCTCCGAGCCCACGAGAC -j 8 -o /scratch/shli/wgs_pipeline2/p3s1.part0.r1.fastq -p /scratch/shli/wgs_pipeline2/p3s1.part0.r2.fastq -q 20 --trim-n -m 20 --max-n=0 /g/steinmetz/shli/data/human_WGS/batch1/sample_9/sample_9_CKDL200164768-1a-AK11274-AK1351_HMHLTDSXY_L4_1.fq.gz /g/steinmetz/shli/data/human_WGS/batch1/sample_9/sample_9_CKDL200164768-1a-AK11274-AK1351_HMHLTDSXY_L4_2.fq.gz
Submitted job 93 with external jobid 'Submitted batch job 21967548'.

[Sat Apr 15 17:45:28 2023]
rule cutadapt:
    input: /g/steinmetz/shli/data/human_WGS/batch2/GN_6/GN_6_CKDL200169931-1a_HNN3NDSXY_L1_1.fq.gz, /g/steinmetz/shli/data/human_WGS/batch2/GN_6/GN_6_CKDL200169931-1a_HNN3NDSXY_L1_2.fq.gz
    output: /scratch/shli/wgs_pipeline2/p2s.part2.r1.fastq, /scratch/shli/wgs_pipeline2/p2s.part2.r2.fastq
    jobid: 66
    reason: Missing output files: /scratch/shli/wgs_pipeline2/p2s.part2.r2.fastq, /scratch/shli/wgs_pipeline2/p2s.part2.r1.fastq
    wildcards: sample=p2s, subfile=2
    threads: 8
    resources: mem_mb=20000, disk_mb=80213, tmpdir=<TBD>, runtime=24:00:00

cutadapt -g AGATGTGTATAAGAGACAG -G AGATGTGTATAAGAGACAG -a CTGTCTCTTATACACATCT -A CTGTCTCTTATACACATCT -g TCGTCGGCAGCGTCAGATGTGTATAAGAGACAG -G TCGTCGGCAGCGTCAGATGTGTATAAGAGACAG -a CTGTCTCTTATACACATCTGACGCTGCCGACGA -A CTGTCTCTTATACACATCTGACGCTGCCGACGA -g GTCTCGTGGGCTCGGAGATGTGTATAAGAGACAG -G GTCTCGTGGGCTCGGAGATGTGTATAAGAGACAG -a CTGTCTCTTATACACATCTCCGAGCCCACGAGAC -A CTGTCTCTTATACACATCTCCGAGCCCACGAGAC -j 8 -o /scratch/shli/wgs_pipeline2/p2s.part2.r1.fastq -p /scratch/shli/wgs_pipeline2/p2s.part2.r2.fastq -q 20 --trim-n -m 20 --max-n=0 /g/steinmetz/shli/data/human_WGS/batch2/GN_6/GN_6_CKDL200169931-1a_HNN3NDSXY_L1_1.fq.gz /g/steinmetz/shli/data/human_WGS/batch2/GN_6/GN_6_CKDL200169931-1a_HNN3NDSXY_L1_2.fq.gz
Submitted job 66 with external jobid 'Submitted batch job 21967554'.

[Sat Apr 15 17:45:29 2023]
rule cutadapt:
    input: /g/steinmetz/shli/data/human_WGS/batch2/GN_5/GN_5_CKDL200169930-1a_HNN3NDSXY_L1_1.fq.gz, /g/steinmetz/shli/data/human_WGS/batch2/GN_5/GN_5_CKDL200169930-1a_HNN3NDSXY_L1_2.fq.gz
    output: /scratch/shli/wgs_pipeline2/p2p.part1.r1.fastq, /scratch/shli/wgs_pipeline2/p2p.part1.r2.fastq
    jobid: 52
    reason: Missing output files: /scratch/shli/wgs_pipeline2/p2p.part1.r1.fastq, /scratch/shli/wgs_pipeline2/p2p.part1.r2.fastq
    wildcards: sample=p2p, subfile=1
    threads: 8
    resources: mem_mb=20000, disk_mb=81208, tmpdir=<TBD>, runtime=24:00:00

cutadapt -g AGATGTGTATAAGAGACAG -G AGATGTGTATAAGAGACAG -a CTGTCTCTTATACACATCT -A CTGTCTCTTATACACATCT -g TCGTCGGCAGCGTCAGATGTGTATAAGAGACAG -G TCGTCGGCAGCGTCAGATGTGTATAAGAGACAG -a CTGTCTCTTATACACATCTGACGCTGCCGACGA -A CTGTCTCTTATACACATCTGACGCTGCCGACGA -g GTCTCGTGGGCTCGGAGATGTGTATAAGAGACAG -G GTCTCGTGGGCTCGGAGATGTGTATAAGAGACAG -a CTGTCTCTTATACACATCTCCGAGCCCACGAGAC -A CTGTCTCTTATACACATCTCCGAGCCCACGAGAC -j 8 -o /scratch/shli/wgs_pipeline2/p2p.part1.r1.fastq -p /scratch/shli/wgs_pipeline2/p2p.part1.r2.fastq -q 20 --trim-n -m 20 --max-n=0 /g/steinmetz/shli/data/human_WGS/batch2/GN_5/GN_5_CKDL200169930-1a_HNN3NDSXY_L1_1.fq.gz /g/steinmetz/shli/data/human_WGS/batch2/GN_5/GN_5_CKDL200169930-1a_HNN3NDSXY_L1_2.fq.gz
Submitted job 52 with external jobid 'Submitted batch job 21967560'.

[Sat Apr 15 17:45:29 2023]
rule cutadapt:
    input: /g/steinmetz/shli/data/human_WGS/batch1/sample_4/sample_4_CKDL200164768-1a-AK4575-AK23800_HMHLTDSXY_L4_1.fq.gz, /g/steinmetz/shli/data/human_WGS/batch1/sample_4/sample_4_CKDL200164768-1a-AK4575-AK23800_HMHLTDSXY_L4_2.fq.gz
    output: /scratch/shli/wgs_pipeline2/p2f.part0.r1.fastq, /scratch/shli/wgs_pipeline2/p2f.part0.r2.fastq
    jobid: 38
    reason: Missing output files: /scratch/shli/wgs_pipeline2/p2f.part0.r1.fastq, /scratch/shli/wgs_pipeline2/p2f.part0.r2.fastq
    wildcards: sample=p2f, subfile=0
    threads: 8
    resources: mem_mb=20000, disk_mb=98069, tmpdir=<TBD>, runtime=24:00:00

cutadapt -g AGATGTGTATAAGAGACAG -G AGATGTGTATAAGAGACAG -a CTGTCTCTTATACACATCT -A CTGTCTCTTATACACATCT -g TCGTCGGCAGCGTCAGATGTGTATAAGAGACAG -G TCGTCGGCAGCGTCAGATGTGTATAAGAGACAG -a CTGTCTCTTATACACATCTGACGCTGCCGACGA -A CTGTCTCTTATACACATCTGACGCTGCCGACGA -g GTCTCGTGGGCTCGGAGATGTGTATAAGAGACAG -G GTCTCGTGGGCTCGGAGATGTGTATAAGAGACAG -a CTGTCTCTTATACACATCTCCGAGCCCACGAGAC -A CTGTCTCTTATACACATCTCCGAGCCCACGAGAC -j 8 -o /scratch/shli/wgs_pipeline2/p2f.part0.r1.fastq -p /scratch/shli/wgs_pipeline2/p2f.part0.r2.fastq -q 20 --trim-n -m 20 --max-n=0 /g/steinmetz/shli/data/human_WGS/batch1/sample_4/sample_4_CKDL200164768-1a-AK4575-AK23800_HMHLTDSXY_L4_1.fq.gz /g/steinmetz/shli/data/human_WGS/batch1/sample_4/sample_4_CKDL200164768-1a-AK4575-AK23800_HMHLTDSXY_L4_2.fq.gz
Submitted job 38 with external jobid 'Submitted batch job 21967564'.

[Sat Apr 15 17:45:29 2023]
rule cutadapt:
    input: /g/steinmetz/shli/data/human_WGS/batch1/sample_6/sample_6_CKDL200164768-1a-AK9721-AK23812_HMHLTDSXY_L4_1.fq.gz, /g/steinmetz/shli/data/human_WGS/batch1/sample_6/sample_6_CKDL200164768-1a-AK9721-AK23812_HMHLTDSXY_L4_2.fq.gz
    output: /scratch/shli/wgs_pipeline2/p2s.part0.r1.fastq, /scratch/shli/wgs_pipeline2/p2s.part0.r2.fastq
    jobid: 60
    reason: Missing output files: /scratch/shli/wgs_pipeline2/p2s.part0.r2.fastq, /scratch/shli/wgs_pipeline2/p2s.part0.r1.fastq
    wildcards: sample=p2s, subfile=0
    threads: 8
    resources: mem_mb=20000, disk_mb=22796, tmpdir=<TBD>, runtime=24:00:00

cutadapt -g AGATGTGTATAAGAGACAG -G AGATGTGTATAAGAGACAG -a CTGTCTCTTATACACATCT -A CTGTCTCTTATACACATCT -g TCGTCGGCAGCGTCAGATGTGTATAAGAGACAG -G TCGTCGGCAGCGTCAGATGTGTATAAGAGACAG -a CTGTCTCTTATACACATCTGACGCTGCCGACGA -A CTGTCTCTTATACACATCTGACGCTGCCGACGA -g GTCTCGTGGGCTCGGAGATGTGTATAAGAGACAG -G GTCTCGTGGGCTCGGAGATGTGTATAAGAGACAG -a CTGTCTCTTATACACATCTCCGAGCCCACGAGAC -A CTGTCTCTTATACACATCTCCGAGCCCACGAGAC -j 8 -o /scratch/shli/wgs_pipeline2/p2s.part0.r1.fastq -p /scratch/shli/wgs_pipeline2/p2s.part0.r2.fastq -q 20 --trim-n -m 20 --max-n=0 /g/steinmetz/shli/data/human_WGS/batch1/sample_6/sample_6_CKDL200164768-1a-AK9721-AK23812_HMHLTDSXY_L4_1.fq.gz /g/steinmetz/shli/data/human_WGS/batch1/sample_6/sample_6_CKDL200164768-1a-AK9721-AK23812_HMHLTDSXY_L4_2.fq.gz
Submitted job 60 with external jobid 'Submitted batch job 21967567'.

[Sat Apr 15 17:45:30 2023]
rule cutadapt:
    input: /g/steinmetz/shli/data/human_WGS/batch1/sample_7/sample_7_CKDL200164768-1a-AK17137-AK23818_HMHLTDSXY_L4_1.fq.gz, /g/steinmetz/shli/data/human_WGS/batch1/sample_7/sample_7_CKDL200164768-1a-AK17137-AK23818_HMHLTDSXY_L4_2.fq.gz
    output: /scratch/shli/wgs_pipeline2/p3f.part0.r1.fastq, /scratch/shli/wgs_pipeline2/p3f.part0.r2.fastq
    jobid: 74
    reason: Missing output files: /scratch/shli/wgs_pipeline2/p3f.part0.r1.fastq, /scratch/shli/wgs_pipeline2/p3f.part0.r2.fastq
    wildcards: sample=p3f, subfile=0
    threads: 8
    resources: mem_mb=20000, disk_mb=75457, tmpdir=<TBD>, runtime=24:00:00

cutadapt -g AGATGTGTATAAGAGACAG -G AGATGTGTATAAGAGACAG -a CTGTCTCTTATACACATCT -A CTGTCTCTTATACACATCT -g TCGTCGGCAGCGTCAGATGTGTATAAGAGACAG -G TCGTCGGCAGCGTCAGATGTGTATAAGAGACAG -a CTGTCTCTTATACACATCTGACGCTGCCGACGA -A CTGTCTCTTATACACATCTGACGCTGCCGACGA -g GTCTCGTGGGCTCGGAGATGTGTATAAGAGACAG -G GTCTCGTGGGCTCGGAGATGTGTATAAGAGACAG -a CTGTCTCTTATACACATCTCCGAGCCCACGAGAC -A CTGTCTCTTATACACATCTCCGAGCCCACGAGAC -j 8 -o /scratch/shli/wgs_pipeline2/p3f.part0.r1.fastq -p /scratch/shli/wgs_pipeline2/p3f.part0.r2.fastq -q 20 --trim-n -m 20 --max-n=0 /g/steinmetz/shli/data/human_WGS/batch1/sample_7/sample_7_CKDL200164768-1a-AK17137-AK23818_HMHLTDSXY_L4_1.fq.gz /g/steinmetz/shli/data/human_WGS/batch1/sample_7/sample_7_CKDL200164768-1a-AK17137-AK23818_HMHLTDSXY_L4_2.fq.gz
Submitted job 74 with external jobid 'Submitted batch job 21967571'.

[Sat Apr 15 17:45:32 2023]
rule cutadapt:
    input: /g/steinmetz/shli/data/human_WGS/batch2/GN_2/GN_2_CKDL200169927-1a_HNN3NDSXY_L1_1.fq.gz, /g/steinmetz/shli/data/human_WGS/batch2/GN_2/GN_2_CKDL200169927-1a_HNN3NDSXY_L1_2.fq.gz
    output: /scratch/shli/wgs_pipeline2/p1p.part1.r1.fastq, /scratch/shli/wgs_pipeline2/p1p.part1.r2.fastq
    jobid: 19
    reason: Missing output files: /scratch/shli/wgs_pipeline2/p1p.part1.r2.fastq, /scratch/shli/wgs_pipeline2/p1p.part1.r1.fastq
    wildcards: sample=p1p, subfile=1
    threads: 8
    resources: mem_mb=20000, disk_mb=99913, tmpdir=<TBD>, runtime=24:00:00

cutadapt -g AGATGTGTATAAGAGACAG -G AGATGTGTATAAGAGACAG -a CTGTCTCTTATACACATCT -A CTGTCTCTTATACACATCT -g TCGTCGGCAGCGTCAGATGTGTATAAGAGACAG -G TCGTCGGCAGCGTCAGATGTGTATAAGAGACAG -a CTGTCTCTTATACACATCTGACGCTGCCGACGA -A CTGTCTCTTATACACATCTGACGCTGCCGACGA -g GTCTCGTGGGCTCGGAGATGTGTATAAGAGACAG -G GTCTCGTGGGCTCGGAGATGTGTATAAGAGACAG -a CTGTCTCTTATACACATCTCCGAGCCCACGAGAC -A CTGTCTCTTATACACATCTCCGAGCCCACGAGAC -j 8 -o /scratch/shli/wgs_pipeline2/p1p.part1.r1.fastq -p /scratch/shli/wgs_pipeline2/p1p.part1.r2.fastq -q 20 --trim-n -m 20 --max-n=0 /g/steinmetz/shli/data/human_WGS/batch2/GN_2/GN_2_CKDL200169927-1a_HNN3NDSXY_L1_1.fq.gz /g/steinmetz/shli/data/human_WGS/batch2/GN_2/GN_2_CKDL200169927-1a_HNN3NDSXY_L1_2.fq.gz
Submitted job 19 with external jobid 'Submitted batch job 21967574'.

[Sat Apr 15 17:45:32 2023]
rule cutadapt:
    input: /g/steinmetz/shli/data/human_WGS/batch1/sample_1/sample_1_CKDL200164768-1a-AK11241-AK23780_HMHLTDSXY_L4_1.fq.gz, /g/steinmetz/shli/data/human_WGS/batch1/sample_1/sample_1_CKDL200164768-1a-AK11241-AK23780_HMHLTDSXY_L4_2.fq.gz
    output: /scratch/shli/wgs_pipeline2/p1f.part0.r1.fastq, /scratch/shli/wgs_pipeline2/p1f.part0.r2.fastq
    jobid: 8
    reason: Missing output files: /scratch/shli/wgs_pipeline2/p1f.part0.r2.fastq, /scratch/shli/wgs_pipeline2/p1f.part0.r1.fastq
    wildcards: sample=p1f, subfile=0
    threads: 8
    resources: mem_mb=20000, disk_mb=191594, tmpdir=<TBD>, runtime=24:00:00

cutadapt -g AGATGTGTATAAGAGACAG -G AGATGTGTATAAGAGACAG -a CTGTCTCTTATACACATCT -A CTGTCTCTTATACACATCT -g TCGTCGGCAGCGTCAGATGTGTATAAGAGACAG -G TCGTCGGCAGCGTCAGATGTGTATAAGAGACAG -a CTGTCTCTTATACACATCTGACGCTGCCGACGA -A CTGTCTCTTATACACATCTGACGCTGCCGACGA -g GTCTCGTGGGCTCGGAGATGTGTATAAGAGACAG -G GTCTCGTGGGCTCGGAGATGTGTATAAGAGACAG -a CTGTCTCTTATACACATCTCCGAGCCCACGAGAC -A CTGTCTCTTATACACATCTCCGAGCCCACGAGAC -j 8 -o /scratch/shli/wgs_pipeline2/p1f.part0.r1.fastq -p /scratch/shli/wgs_pipeline2/p1f.part0.r2.fastq -q 20 --trim-n -m 20 --max-n=0 /g/steinmetz/shli/data/human_WGS/batch1/sample_1/sample_1_CKDL200164768-1a-AK11241-AK23780_HMHLTDSXY_L4_1.fq.gz /g/steinmetz/shli/data/human_WGS/batch1/sample_1/sample_1_CKDL200164768-1a-AK11241-AK23780_HMHLTDSXY_L4_2.fq.gz
Submitted job 8 with external jobid 'Submitted batch job 21967577'.

[Sat Apr 15 17:45:32 2023]
rule cutadapt:
    input: /g/steinmetz/shli/data/human_WGS/batch2/GN_9/GN_9_CKDL200169933-1a_HNN3NDSXY_L1_1.fq.gz, /g/steinmetz/shli/data/human_WGS/batch2/GN_9/GN_9_CKDL200169933-1a_HNN3NDSXY_L1_2.fq.gz
    output: /scratch/shli/wgs_pipeline2/p3s1.part1.r1.fastq, /scratch/shli/wgs_pipeline2/p3s1.part1.r2.fastq
    jobid: 96
    reason: Missing output files: /scratch/shli/wgs_pipeline2/p3s1.part1.r1.fastq, /scratch/shli/wgs_pipeline2/p3s1.part1.r2.fastq
    wildcards: sample=p3s1, subfile=1
    threads: 8
    resources: mem_mb=20000, disk_mb=73276, tmpdir=<TBD>, runtime=24:00:00

cutadapt -g AGATGTGTATAAGAGACAG -G AGATGTGTATAAGAGACAG -a CTGTCTCTTATACACATCT -A CTGTCTCTTATACACATCT -g TCGTCGGCAGCGTCAGATGTGTATAAGAGACAG -G TCGTCGGCAGCGTCAGATGTGTATAAGAGACAG -a CTGTCTCTTATACACATCTGACGCTGCCGACGA -A CTGTCTCTTATACACATCTGACGCTGCCGACGA -g GTCTCGTGGGCTCGGAGATGTGTATAAGAGACAG -G GTCTCGTGGGCTCGGAGATGTGTATAAGAGACAG -a CTGTCTCTTATACACATCTCCGAGCCCACGAGAC -A CTGTCTCTTATACACATCTCCGAGCCCACGAGAC -j 8 -o /scratch/shli/wgs_pipeline2/p3s1.part1.r1.fastq -p /scratch/shli/wgs_pipeline2/p3s1.part1.r2.fastq -q 20 --trim-n -m 20 --max-n=0 /g/steinmetz/shli/data/human_WGS/batch2/GN_9/GN_9_CKDL200169933-1a_HNN3NDSXY_L1_1.fq.gz /g/steinmetz/shli/data/human_WGS/batch2/GN_9/GN_9_CKDL200169933-1a_HNN3NDSXY_L1_2.fq.gz
Submitted job 96 with external jobid 'Submitted batch job 21967579'.

[Sat Apr 15 17:45:32 2023]
rule cutadapt:
    input: /g/steinmetz/shli/data/human_WGS/batch2/GN_4/GN_4_CKDL200169929-1a_HNN3NDSXY_L1_1.fq.gz, /g/steinmetz/shli/data/human_WGS/batch2/GN_4/GN_4_CKDL200169929-1a_HNN3NDSXY_L1_2.fq.gz
    output: /scratch/shli/wgs_pipeline2/p2f.part1.r1.fastq, /scratch/shli/wgs_pipeline2/p2f.part1.r2.fastq
    jobid: 41
    reason: Missing output files: /scratch/shli/wgs_pipeline2/p2f.part1.r2.fastq, /scratch/shli/wgs_pipeline2/p2f.part1.r1.fastq
    wildcards: sample=p2f, subfile=1
    threads: 8
    resources: mem_mb=20000, disk_mb=68388, tmpdir=<TBD>, runtime=24:00:00

cutadapt -g AGATGTGTATAAGAGACAG -G AGATGTGTATAAGAGACAG -a CTGTCTCTTATACACATCT -A CTGTCTCTTATACACATCT -g TCGTCGGCAGCGTCAGATGTGTATAAGAGACAG -G TCGTCGGCAGCGTCAGATGTGTATAAGAGACAG -a CTGTCTCTTATACACATCTGACGCTGCCGACGA -A CTGTCTCTTATACACATCTGACGCTGCCGACGA -g GTCTCGTGGGCTCGGAGATGTGTATAAGAGACAG -G GTCTCGTGGGCTCGGAGATGTGTATAAGAGACAG -a CTGTCTCTTATACACATCTCCGAGCCCACGAGAC -A CTGTCTCTTATACACATCTCCGAGCCCACGAGAC -j 8 -o /scratch/shli/wgs_pipeline2/p2f.part1.r1.fastq -p /scratch/shli/wgs_pipeline2/p2f.part1.r2.fastq -q 20 --trim-n -m 20 --max-n=0 /g/steinmetz/shli/data/human_WGS/batch2/GN_4/GN_4_CKDL200169929-1a_HNN3NDSXY_L1_1.fq.gz /g/steinmetz/shli/data/human_WGS/batch2/GN_4/GN_4_CKDL200169929-1a_HNN3NDSXY_L1_2.fq.gz
Submitted job 41 with external jobid 'Submitted batch job 21967581'.

[Sat Apr 15 17:45:32 2023]
rule cutadapt:
    input: /g/steinmetz/shli/data/human_WGS/batch1/sample_3/sample_3_CKDL200164768-1a-AK10613-AK22292_HMHLTDSXY_L4_1.fq.gz, /g/steinmetz/shli/data/human_WGS/batch1/sample_3/sample_3_CKDL200164768-1a-AK10613-AK22292_HMHLTDSXY_L4_2.fq.gz
    output: /scratch/shli/wgs_pipeline2/p1s.part0.r1.fastq, /scratch/shli/wgs_pipeline2/p1s.part0.r2.fastq
    jobid: 27
    reason: Missing output files: /scratch/shli/wgs_pipeline2/p1s.part0.r1.fastq, /scratch/shli/wgs_pipeline2/p1s.part0.r2.fastq
    wildcards: sample=p1s, subfile=0
    threads: 8
    resources: mem_mb=20000, disk_mb=95247, tmpdir=<TBD>, runtime=24:00:00

cutadapt -g AGATGTGTATAAGAGACAG -G AGATGTGTATAAGAGACAG -a CTGTCTCTTATACACATCT -A CTGTCTCTTATACACATCT -g TCGTCGGCAGCGTCAGATGTGTATAAGAGACAG -G TCGTCGGCAGCGTCAGATGTGTATAAGAGACAG -a CTGTCTCTTATACACATCTGACGCTGCCGACGA -A CTGTCTCTTATACACATCTGACGCTGCCGACGA -g GTCTCGTGGGCTCGGAGATGTGTATAAGAGACAG -G GTCTCGTGGGCTCGGAGATGTGTATAAGAGACAG -a CTGTCTCTTATACACATCTCCGAGCCCACGAGAC -A CTGTCTCTTATACACATCTCCGAGCCCACGAGAC -j 8 -o /scratch/shli/wgs_pipeline2/p1s.part0.r1.fastq -p /scratch/shli/wgs_pipeline2/p1s.part0.r2.fastq -q 20 --trim-n -m 20 --max-n=0 /g/steinmetz/shli/data/human_WGS/batch1/sample_3/sample_3_CKDL200164768-1a-AK10613-AK22292_HMHLTDSXY_L4_1.fq.gz /g/steinmetz/shli/data/human_WGS/batch1/sample_3/sample_3_CKDL200164768-1a-AK10613-AK22292_HMHLTDSXY_L4_2.fq.gz
Submitted job 27 with external jobid 'Submitted batch job 21967583'.
